PLINK v1.90b6.21 64-bit (19 Oct 2020)
Options in effect:
  --allow-no-sex
  --bfile eye_color-QC-no_outliers
  --make-bed
  --out eye_color-QC
  --remove wrong_ibd.txt

Hostname: s05n20
Working directory: /faststorage/project/populationgenomics/students/jepe/GWAS
Start time: Wed May 11 12:47:57 2022

Random number seed: 1652266077
386647 MB RAM detected; reserving 193323 MB for main workspace.
960613 variants loaded from .bim file.
1214 people (0 males, 0 females, 1214 ambiguous) loaded from .fam.
Ambiguous sex IDs written to eye_color-QC.nosex .
--remove: 1202 people remaining.
Using 1 thread (no multithreaded calculations invoked).
Before main variant filters, 1202 founders and 0 nonfounders present.
Calculating allele frequencies... done.
Warning: Nonmissing nonmale Y chromosome genotype(s) present; many commands
treat these as missing.
Total genotyping rate in remaining samples is 0.733886.
960613 variants and 1202 people pass filters and QC.
Note: No phenotypes present.
--make-bed to eye_color-QC.bed + eye_color-QC.bim + eye_color-QC.fam ... done.

End time: Wed May 11 12:47:59 2022
