PLINK v1.90b6.21 64-bit (19 Oct 2020)
Options in effect:
  --allow-no-sex
  --bfile GWA-eye_color-QC
  --extract GWA-eye_color-QC.prune.in
  --out GWA-eye_color-QC
  --pca 20

Hostname: s21n44
Working directory: /faststorage/project/populationgenomics/students/jepe/GWAS
Start time: Wed May 18 15:08:43 2022

Random number seed: 1652879323
515537 MB RAM detected; reserving 257768 MB for main workspace.
843578 variants loaded from .bim file.
1202 people (0 males, 0 females, 1202 ambiguous) loaded from .fam.
Ambiguous sex IDs written to GWA-eye_color-QC.nosex .
--extract: 127622 variants remaining.
Using up to 63 threads (change this with --threads).
Before main variant filters, 1202 founders and 0 nonfounders present.
Calculating allele frequencies... done.
Warning: Nonmissing nonmale Y chromosome genotype(s) present; many commands
treat these as missing.
Total genotyping rate is 0.797422.
127622 variants and 1202 people pass filters and QC.
Note: No phenotypes present.
Excluding 396 variants on non-autosomes from relationship matrix calc.
Relationship matrix calculation complete.
--pca: Results saved to GWA-eye_color-QC.eigenval and GWA-eye_color-QC.eigenvec
.

End time: Wed May 18 15:08:55 2022
