PLINK v1.90b6.21 64-bit (19 Oct 2020)
Options in effect:
  --adjust
  --allow-no-sex
  --assoc fisher
  --bfile GWA-pheno
  --out GWA-pheno

Hostname: s21n44
Working directory: /faststorage/project/populationgenomics/students/jepe/GWAS
Start time: Wed May 18 12:55:55 2022

Random number seed: 1652871355
515537 MB RAM detected; reserving 257768 MB for main workspace.
843578 variants loaded from .bim file.
1202 people (0 males, 0 females, 1202 ambiguous) loaded from .fam.
Ambiguous sex IDs written to GWA-pheno.nosex .
1202 phenotype values loaded from .fam.
Using 1 thread (no multithreaded calculations invoked).
Before main variant filters, 1202 founders and 0 nonfounders present.
Calculating allele frequencies... done.
Warning: Nonmissing nonmale Y chromosome genotype(s) present; many commands
treat these as missing.
Total genotyping rate is 0.751176.
843578 variants and 1202 people pass filters and QC.
Among remaining phenotypes, 595 are cases and 607 are controls.
Writing C/C --assoc report to GWA-pheno.assoc.fisher ...
done.
--adjust: Genomic inflation est. lambda (based on median chisq) = 1.6808.
--adjust values (841812 variants) written to GWA-pheno.assoc.fisher.adjusted .

End time: Wed May 18 12:55:59 2022
