PLINK v1.90b6.21 64-bit (19 Oct 2020)
Options in effect:
  --allow-no-sex
  --bfile GWA-pheno
  --twolocus rs1667394 rs7183877

Hostname: s21n32
Working directory: /faststorage/project/populationgenomics/students/jepe/GWAS
Start time: Tue May 24 12:44:25 2022

Random number seed: 1653389065
515537 MB RAM detected; reserving 257768 MB for main workspace.
Allocated 144994 MB successfully, after larger attempt(s) failed.
843578 variants loaded from .bim file.
1202 people (0 males, 0 females, 1202 ambiguous) loaded from .fam.
Ambiguous sex IDs written to plink.nosex .
1202 phenotype values loaded from .fam.
Using 1 thread (no multithreaded calculations invoked).
Before main variant filters, 1202 founders and 0 nonfounders present.
Calculating allele frequencies... done.
Warning: Nonmissing nonmale Y chromosome genotype(s) present; many commands
treat these as missing.
Total genotyping rate is 0.751176.
843578 variants and 1202 people pass filters and QC.
Among remaining phenotypes, 595 are cases and 607 are controls.
--twolocus: Report written to plink.twolocus .

End time: Tue May 24 12:44:25 2022
